[2024-11-17T16:42:19.268Z] Interaction: 1307747659980865618 - TypeError: command.execute is not a function
    at Object.run (C:\Users\bambi\Desktop\BOT DISCORD\bot music\events\client\interactionCreate.js:22:39)
    at Client.<anonymous> (C:\Users\bambi\Desktop\BOT DISCORD\bot music\loaders\loadEvents.js:12:48)
    at Client.emit (node:events:529:35)
    at InteractionCreateAction.handle (C:\Users\bambi\Desktop\BOT DISCORD\bot music\node_modules\discord.js\src\client\actions\InteractionCreate.js:97:12)
    at module.exports [as INTERACTION_CREATE] (C:\Users\bambi\Desktop\BOT DISCORD\bot music\node_modules\discord.js\src\client\websocket\handlers\INTERACTION_CREATE.js:4:36)
    at WebSocketManager.handlePacket (C:\Users\bambi\Desktop\BOT DISCORD\bot music\node_modules\discord.js\src\client\websocket\WebSocketManager.js:348:31)
    at WebSocketManager.<anonymous> (C:\Users\bambi\Desktop\BOT DISCORD\bot music\node_modules\discord.js\src\client\websocket\WebSocketManager.js:232:12)
    at WebSocketManager.emit (C:\Users\bambi\Desktop\BOT DISCORD\bot music\node_modules\@vladfrangu\async_event_emitter\dist\index.cjs:287:31)
    at WebSocketShard.<anonymous> (C:\Users\bambi\Desktop\BOT DISCORD\bot music\node_modules\@discordjs\ws\dist\index.js:1190:51)
    at WebSocketShard.emit (C:\Users\bambi\Desktop\BOT DISCORD\bot music\node_modules\@vladfrangu\async_event_emitter\dist\index.cjs:287:31)
[2024-11-17T16:44:11.961Z] [3] ERR_INFO_REQUIRED [Error]: [Object] Expected query, found ""
    at Proxy.<anonymous> (C:\Users\bambi\Desktop\BOT DISCORD\bot music\node_modules\discord-player\dist\index.js:331:25)
    at QueryResolver.resolve (C:\Users\bambi\Desktop\BOT DISCORD\bot music\node_modules\discord-player\dist\index.js:2178:24)
    at _Player.search (C:\Users\bambi\Desktop\BOT DISCORD\bot music\node_modules\discord-player\dist\index.js:5805:96)
    at process.processTicksAndRejections (node:internal/process/task_queues:95:5)
    at async Object.run (C:\Users\bambi\Desktop\BOT DISCORD\bot music\events\client\interactionCreate.js:34:41)
[2024-11-17T16:45:58.464Z] [3] ERR_INFO_REQUIRED [Error]: [Object] Expected query, found ""
    at Proxy.<anonymous> (C:\Users\bambi\Desktop\BOT DISCORD\bot music\node_modules\discord-player\dist\index.js:331:25)
    at QueryResolver.resolve (C:\Users\bambi\Desktop\BOT DISCORD\bot music\node_modules\discord-player\dist\index.js:2178:24)
    at _Player.search (C:\Users\bambi\Desktop\BOT DISCORD\bot music\node_modules\discord-player\dist\index.js:5805:96)
    at process.processTicksAndRejections (node:internal/process/task_queues:95:5)
    at async Object.run (C:\Users\bambi\Desktop\BOT DISCORD\bot music\events\client\interactionCreate.js:34:41)
[2024-11-17T16:47:07.247Z] [3] ERR_INFO_REQUIRED [Error]: [Object] Expected query, found ""
    at Proxy.<anonymous> (C:\Users\bambi\Desktop\BOT DISCORD\bot music\node_modules\discord-player\dist\index.js:331:25)
    at QueryResolver.resolve (C:\Users\bambi\Desktop\BOT DISCORD\bot music\node_modules\discord-player\dist\index.js:2178:24)
    at _Player.search (C:\Users\bambi\Desktop\BOT DISCORD\bot music\node_modules\discord-player\dist\index.js:5805:96)
    at process.processTicksAndRejections (node:internal/process/task_queues:95:5)
    at async Object.run (C:\Users\bambi\Desktop\BOT DISCORD\bot music\events\client\interactionCreate.js:34:41)
[2024-11-18T08:56:01.882Z] [3] DiscordAPIError[40060]: Interaction has already been acknowledged.
    at handleErrors (C:\Users\bambi\Desktop\BOT DISCORD\bot music\node_modules\@discordjs\rest\dist\index.js:727:13)
    at process.processTicksAndRejections (node:internal/process/task_queues:105:5)
    at async BurstHandler.runRequest (C:\Users\bambi\Desktop\BOT DISCORD\bot music\node_modules\@discordjs\rest\dist\index.js:831:23)
    at async _REST.request (C:\Users\bambi\Desktop\BOT DISCORD\bot music\node_modules\@discordjs\rest\dist\index.js:1272:22)
    at async AutocompleteInteraction.respond (C:\Users\bambi\Desktop\BOT DISCORD\bot music\node_modules\discord.js\src\structures\AutocompleteInteraction.js:86:5)
    at async Object.run (C:\Users\bambi\Desktop\BOT DISCORD\bot music\events\client\interactionCreate.js:44:29)
[2024-11-18T08:56:02.080Z] [3] DiscordAPIError[40060]: Interaction has already been acknowledged.
    at handleErrors (C:\Users\bambi\Desktop\BOT DISCORD\bot music\node_modules\@discordjs\rest\dist\index.js:727:13)
    at process.processTicksAndRejections (node:internal/process/task_queues:105:5)
    at async BurstHandler.runRequest (C:\Users\bambi\Desktop\BOT DISCORD\bot music\node_modules\@discordjs\rest\dist\index.js:831:23)
    at async _REST.request (C:\Users\bambi\Desktop\BOT DISCORD\bot music\node_modules\@discordjs\rest\dist\index.js:1272:22)
    at async AutocompleteInteraction.respond (C:\Users\bambi\Desktop\BOT DISCORD\bot music\node_modules\discord.js\src\structures\AutocompleteInteraction.js:86:5)
    at async Object.run (C:\Users\bambi\Desktop\BOT DISCORD\bot music\events\client\interactionCreate.js:48:25)
[2024-11-18T08:56:03.133Z] [3] DiscordAPIError[40060]: Interaction has already been acknowledged.
    at handleErrors (C:\Users\bambi\Desktop\BOT DISCORD\bot music\node_modules\@discordjs\rest\dist\index.js:727:13)
    at process.processTicksAndRejections (node:internal/process/task_queues:105:5)
    at async BurstHandler.runRequest (C:\Users\bambi\Desktop\BOT DISCORD\bot music\node_modules\@discordjs\rest\dist\index.js:831:23)
    at async _REST.request (C:\Users\bambi\Desktop\BOT DISCORD\bot music\node_modules\@discordjs\rest\dist\index.js:1272:22)
    at async AutocompleteInteraction.respond (C:\Users\bambi\Desktop\BOT DISCORD\bot music\node_modules\discord.js\src\structures\AutocompleteInteraction.js:86:5)
    at async Object.run (C:\Users\bambi\Desktop\BOT DISCORD\bot music\events\client\interactionCreate.js:44:29)
[2024-11-18T08:56:03.272Z] [3] DiscordAPIError[40060]: Interaction has already been acknowledged.
    at handleErrors (C:\Users\bambi\Desktop\BOT DISCORD\bot music\node_modules\@discordjs\rest\dist\index.js:727:13)
    at process.processTicksAndRejections (node:internal/process/task_queues:105:5)
    at async BurstHandler.runRequest (C:\Users\bambi\Desktop\BOT DISCORD\bot music\node_modules\@discordjs\rest\dist\index.js:831:23)
    at async _REST.request (C:\Users\bambi\Desktop\BOT DISCORD\bot music\node_modules\@discordjs\rest\dist\index.js:1272:22)
    at async AutocompleteInteraction.respond (C:\Users\bambi\Desktop\BOT DISCORD\bot music\node_modules\discord.js\src\structures\AutocompleteInteraction.js:86:5)
    at async Object.run (C:\Users\bambi\Desktop\BOT DISCORD\bot music\events\client\interactionCreate.js:48:25)
[2024-11-18T08:56:10.568Z] [3] DiscordAPIError[40060]: Interaction has already been acknowledged.
    at handleErrors (C:\Users\bambi\Desktop\BOT DISCORD\bot music\node_modules\@discordjs\rest\dist\index.js:727:13)
    at process.processTicksAndRejections (node:internal/process/task_queues:105:5)
    at async BurstHandler.runRequest (C:\Users\bambi\Desktop\BOT DISCORD\bot music\node_modules\@discordjs\rest\dist\index.js:831:23)
    at async _REST.request (C:\Users\bambi\Desktop\BOT DISCORD\bot music\node_modules\@discordjs\rest\dist\index.js:1272:22)
    at async ChatInputCommandInteraction.deferReply (C:\Users\bambi\Desktop\BOT DISCORD\bot music\node_modules\discord.js\src\structures\interfaces\InteractionResponses.js:72:5)
    at async Object.run (C:\Users\bambi\Desktop\BOT DISCORD\bot music\commands\music\play.js:18:9)
    at async Object.run (C:\Users\bambi\Desktop\BOT DISCORD\bot music\events\client\interactionCreate.js:25:21)
[2024-11-18T08:56:17.762Z] [3] DiscordAPIError[10062]: Unknown interaction
    at handleErrors (C:\Users\bambi\Desktop\BOT DISCORD\bot music\node_modules\@discordjs\rest\dist\index.js:727:13)
    at process.processTicksAndRejections (node:internal/process/task_queues:105:5)
    at async BurstHandler.runRequest (C:\Users\bambi\Desktop\BOT DISCORD\bot music\node_modules\@discordjs\rest\dist\index.js:831:23)
    at async _REST.request (C:\Users\bambi\Desktop\BOT DISCORD\bot music\node_modules\@discordjs\rest\dist\index.js:1272:22)
    at async ChatInputCommandInteraction.reply (C:\Users\bambi\Desktop\BOT DISCORD\bot music\node_modules\discord.js\src\structures\interfaces\InteractionResponses.js:115:5)
    at async Object.run (C:\Users\bambi\Desktop\BOT DISCORD\bot music\commands\music\skip.js:14:20)
    at async Object.run (C:\Users\bambi\Desktop\BOT DISCORD\bot music\events\client\interactionCreate.js:25:21)
[2024-11-20T11:38:52.314Z] [3] ERR_INFO_REQUIRED [Error]: [Object] Expected query, found ""
    at Proxy.<anonymous> (C:\Users\bambi\Desktop\BOT DISCORD\bot music\node_modules\discord-player\dist\index.js:331:25)
    at QueryResolver.resolve (C:\Users\bambi\Desktop\BOT DISCORD\bot music\node_modules\discord-player\dist\index.js:2178:24)
    at _Player.search (C:\Users\bambi\Desktop\BOT DISCORD\bot music\node_modules\discord-player\dist\index.js:5805:96)
    at process.processTicksAndRejections (node:internal/process/task_queues:105:5)
    at async Object.run (C:\Users\bambi\Desktop\BOT DISCORD\bot music\events\client\interactionCreate.js:34:41)
[2024-11-20T12:04:37.316Z] [3] ERR_INFO_REQUIRED [Error]: [Object] Expected query, found ""
    at Proxy.<anonymous> (C:\Users\bambi\Desktop\BOT DISCORD\bot music\node_modules\discord-player\dist\index.js:331:25)
    at QueryResolver.resolve (C:\Users\bambi\Desktop\BOT DISCORD\bot music\node_modules\discord-player\dist\index.js:2178:24)
    at _Player.search (C:\Users\bambi\Desktop\BOT DISCORD\bot music\node_modules\discord-player\dist\index.js:5805:96)
    at process.processTicksAndRejections (node:internal/process/task_queues:105:5)
    at async Object.run (C:\Users\bambi\Desktop\BOT DISCORD\bot music\events\client\interactionCreate.js:34:41)
[2024-11-20T12:16:20.849Z] [3] ERR_INFO_REQUIRED [Error]: [Object] Expected query, found ""
    at Proxy.<anonymous> (C:\Users\bambi\Desktop\BOT DISCORD\bot music\node_modules\discord-player\dist\index.js:331:25)
    at QueryResolver.resolve (C:\Users\bambi\Desktop\BOT DISCORD\bot music\node_modules\discord-player\dist\index.js:2178:24)
    at _Player.search (C:\Users\bambi\Desktop\BOT DISCORD\bot music\node_modules\discord-player\dist\index.js:5805:96)
    at process.processTicksAndRejections (node:internal/process/task_queues:105:5)
    at async Object.run (C:\Users\bambi\Desktop\BOT DISCORD\bot music\events\client\interactionCreate.js:34:41)
[2024-11-20T13:44:31.453Z] [3] ERR_INFO_REQUIRED [Error]: [Object] Expected query, found ""
    at Proxy.<anonymous> (C:\Users\bambi\Desktop\BOT DISCORD\bot music\node_modules\discord-player\dist\index.js:331:25)
    at QueryResolver.resolve (C:\Users\bambi\Desktop\BOT DISCORD\bot music\node_modules\discord-player\dist\index.js:2178:24)
    at _Player.search (C:\Users\bambi\Desktop\BOT DISCORD\bot music\node_modules\discord-player\dist\index.js:5805:96)
    at process.processTicksAndRejections (node:internal/process/task_queues:105:5)
    at async Object.run (C:\Users\bambi\Desktop\BOT DISCORD\bot music\events\client\interactionCreate.js:59:41)
[2024-11-20T13:45:42.704Z] [3] ERR_INFO_REQUIRED [Error]: [Object] Expected query, found ""
    at Proxy.<anonymous> (C:\Users\bambi\Desktop\BOT DISCORD\bot music\node_modules\discord-player\dist\index.js:331:25)
    at QueryResolver.resolve (C:\Users\bambi\Desktop\BOT DISCORD\bot music\node_modules\discord-player\dist\index.js:2178:24)
    at _Player.search (C:\Users\bambi\Desktop\BOT DISCORD\bot music\node_modules\discord-player\dist\index.js:5805:96)
    at process.processTicksAndRejections (node:internal/process/task_queues:105:5)
    at async Object.run (C:\Users\bambi\Desktop\BOT DISCORD\bot music\events\client\interactionCreate.js:34:41)
[2024-11-20T16:26:32.852Z] [3] DiscordAPIError[50013]: Missing Permissions
    at handleErrors (C:\Users\bambi\Desktop\BOT DISCORD\bot music\node_modules\@discordjs\rest\dist\index.js:727:13)
    at process.processTicksAndRejections (node:internal/process/task_queues:105:5)
    at async SequentialHandler.runRequest (C:\Users\bambi\Desktop\BOT DISCORD\bot music\node_modules\@discordjs\rest\dist\index.js:1128:23)
    at async SequentialHandler.queueRequest (C:\Users\bambi\Desktop\BOT DISCORD\bot music\node_modules\@discordjs\rest\dist\index.js:959:14)
    at async _REST.request (C:\Users\bambi\Desktop\BOT DISCORD\bot music\node_modules\@discordjs\rest\dist\index.js:1272:22)
    at async GuildMemberManager.edit (C:\Users\bambi\Desktop\BOT DISCORD\bot music\node_modules\discord.js\src\managers\GuildMemberManager.js:382:15)
    at async Object.run (C:\Users\bambi\Desktop\BOT DISCORD\bot music\commands\music\stop.js:29:13)
    at async Object.run (C:\Users\bambi\Desktop\BOT DISCORD\bot music\events\client\interactionCreate.js:25:25)
[2024-11-20T16:33:07.177Z] [3] ReferenceError: s is not defined
    at Object.run (C:\Users\bambi\Desktop\BOT DISCORD\bot music\commands\music\pornhub.js:58:75)
    at process.processTicksAndRejections (node:internal/process/task_queues:105:5)
    at async Object.run (C:\Users\bambi\Desktop\BOT DISCORD\bot music\events\client\interactionCreate.js:25:25)
[2024-11-20T16:47:30.627Z] [3] ReferenceError: s is not defined
    at Object.run (C:\Users\bambi\Desktop\BOT DISCORD\bot music\commands\music\pornhub.js:58:75)
    at process.processTicksAndRejections (node:internal/process/task_queues:105:5)
    at async Object.run (C:\Users\bambi\Desktop\BOT DISCORD\bot music\events\client\interactionCreate.js:25:25)
[2024-11-20T17:04:36.847Z] [3] ReferenceError: s is not defined
    at Object.run (C:\Users\bambi\Desktop\BOT DISCORD\bot music\commands\music\pornhub.js:58:75)
    at process.processTicksAndRejections (node:internal/process/task_queues:105:5)
    at async Object.run (C:\Users\bambi\Desktop\BOT DISCORD\bot music\events\client\interactionCreate.js:25:25)
[2024-11-20T17:04:50.822Z] [3] ERR_INFO_REQUIRED [Error]: [Object] Expected query, found ""
    at Proxy.<anonymous> (C:\Users\bambi\Desktop\BOT DISCORD\bot music\node_modules\discord-player\dist\index.js:331:25)
    at QueryResolver.resolve (C:\Users\bambi\Desktop\BOT DISCORD\bot music\node_modules\discord-player\dist\index.js:2178:24)
    at _Player.search (C:\Users\bambi\Desktop\BOT DISCORD\bot music\node_modules\discord-player\dist\index.js:5805:96)
    at process.processTicksAndRejections (node:internal/process/task_queues:105:5)
    at async Object.run (C:\Users\bambi\Desktop\BOT DISCORD\bot music\events\client\interactionCreate.js:59:41)
[2024-11-20T17:07:28.290Z] [3] ReferenceError: s is not defined
    at Object.run (C:\Users\bambi\Desktop\BOT DISCORD\bot music\commands\music\pornhub.js:58:75)
    at process.processTicksAndRejections (node:internal/process/task_queues:105:5)
    at async Object.run (C:\Users\bambi\Desktop\BOT DISCORD\bot music\events\client\interactionCreate.js:25:25)
